<?xml version="1.0" encoding="UTF-8"?>
<!-- Generated by org.testng.reporters.JUnitReportReporter -->
<testsuite hostname="DESKTOP-A48AID3" failures="0" tests="1" name="TestCasesSpiceJet.SJ_02_OneWayTripPageTest" time="47.872" errors="0" timestamp="2024-05-05T11:58:11 IST" skipped="0">
  <testcase classname="TestCasesSpiceJet.SJ_02_OneWayTripPageTest" name="TC_02_OneWayTripTest" time="47.872"/>
</testsuite> <!-- TestCasesSpiceJet.SJ_02_OneWayTripPageTest -->
