<?xml version="1.0" encoding="UTF-8"?>
<!-- Generated by org.testng.reporters.JUnitReportReporter -->
<testsuite hostname="DESKTOP-A48AID3" failures="0" tests="1" name="TestCasesSpiceJet.TC_05_StatusTest" time="52.381" errors="0" timestamp="2024-05-03T12:39:58 IST" skipped="0">
  <testcase classname="TestCasesSpiceJet.TC_05_StatusTest" name="TC_05_StatusTest" time="52.381"/>
</testsuite> <!-- TestCasesSpiceJet.TC_05_StatusTest -->
