<?xml version="1.0" encoding="UTF-8"?>
<!-- Generated by org.testng.reporters.JUnitReportReporter -->
<testsuite hostname="DESKTOP-A48AID3" failures="0" tests="1" name="TestCasesSpiceJet.TC_04_BookingPageTest" time="82.944" errors="0" timestamp="2024-05-04T16:19:09 IST" skipped="0">
  <testcase classname="TestCasesSpiceJet.TC_04_BookingPageTest" name="TC_04_BookingPageTest" time="82.944"/>
</testsuite> <!-- TestCasesSpiceJet.TC_04_BookingPageTest -->
