<?xml version="1.0" encoding="UTF-8"?>
<!-- Generated by org.testng.reporters.JUnitReportReporter -->
<testsuite hostname="DESKTOP-A48AID3" failures="0" tests="1" name="TestCasesSpiceJet.TC_03RoundWayTripTest" time="76.401" errors="0" timestamp="2024-05-04T15:24:48 IST" skipped="0">
  <testcase classname="TestCasesSpiceJet.TC_03RoundWayTripTest" name="TC_03RoundWayTripTest" time="76.401"/>
</testsuite> <!-- TestCasesSpiceJet.TC_03RoundWayTripTest -->
