<?xml version="1.0" encoding="UTF-8"?>
<!-- Generated by org.testng.reporters.JUnitReportReporter -->
<testsuite hostname="DESKTOP-A48AID3" failures="0" tests="1" name="TestCasesSpiceJet.TC_02_OneWayTripTest" time="58.780" errors="0" timestamp="2024-05-04T14:08:51 IST" skipped="0">
  <testcase classname="TestCasesSpiceJet.TC_02_OneWayTripTest" name="TC_02_OneWayTripTest" time="58.780"/>
</testsuite> <!-- TestCasesSpiceJet.TC_02_OneWayTripTest -->
