<?xml version="1.0" encoding="UTF-8"?>
<!-- Generated by org.testng.reporters.JUnitReportReporter -->
<testsuite hostname="DESKTOP-A48AID3" failures="0" tests="1" name="TestCasesSpiceJet.SJ_03_RoundWayTripPageTest" time="45.902" errors="0" timestamp="2024-05-05T11:58:11 IST" skipped="0">
  <testcase classname="TestCasesSpiceJet.SJ_03_RoundWayTripPageTest" name="TC_03RoundWayTripTest" time="45.902"/>
</testsuite> <!-- TestCasesSpiceJet.SJ_03_RoundWayTripPageTest -->
