<?xml version="1.0" encoding="UTF-8"?>
<!-- Generated by org.testng.reporters.JUnitReportReporter -->
<testsuite hostname="DESKTOP-A48AID3" failures="0" tests="1" name="TestCasesSpiceJet.SJ_05_StatusCheckTest" time="58.071" errors="0" timestamp="2024-05-05T12:06:00 IST" skipped="0">
  <testcase classname="TestCasesSpiceJet.SJ_05_StatusCheckTest" name="TC_05_StatusTest" time="58.071"/>
</testsuite> <!-- TestCasesSpiceJet.SJ_05_StatusCheckTest -->
