<?xml version="1.0" encoding="UTF-8"?>
<!-- Generated by org.testng.reporters.JUnitReportReporter -->
<testsuite hostname="DESKTOP-A48AID3" failures="0" tests="1" name="TestCasesSpiceJet.SJ_03_RoundWayTripPageTest" time="46.887" errors="0" timestamp="2024-05-05T12:06:00 IST" skipped="0">
  <testcase classname="TestCasesSpiceJet.SJ_03_RoundWayTripPageTest" name="TC_03RoundWayTripTest" time="46.887"/>
</testsuite> <!-- TestCasesSpiceJet.SJ_03_RoundWayTripPageTest -->
